<?xml version="1.0" encoding="UTF-8"?>
<!-- Generated by org.testng.reporters.JUnitReportReporter -->
<testsuite hostname="HSPLLPTP61" failures="0" tests="1" name="FSG_Portal_Credential.FSG_PJP_Test" time="8.565" errors="0" timestamp="2025-06-12T16:02:16 IST" skipped="0">
  <testcase classname="FSG_Portal_Credential.FSG_PJP_Test" name="FSG_PJP" time="8.565"/>
</testsuite> <!-- FSG_Portal_Credential.FSG_PJP_Test -->
