<?xml version="1.0" encoding="UTF-8"?>
<!-- Generated by org.testng.reporters.JUnitReportReporter -->
<testsuite hostname="HSPLLPTP61" failures="0" tests="1" name="SEBS_Portal_Credential.Mark_Attenadance_Cred_SEBS" time="12.530" errors="0" timestamp="2025-04-23T09:47:49 IST" skipped="0">
  <testcase classname="SEBS_Portal_Credential.Mark_Attenadance_Cred_SEBS" name="SECR_AttendenceMark" time="12.530"/>
</testsuite> <!-- SEBS_Portal_Credential.Mark_Attenadance_Cred_SEBS -->
