<?xml version="1.0" encoding="UTF-8"?>
<!-- Generated by org.testng.reporters.JUnitReportReporter -->
<testsuite hostname="HSPLLPTP61" failures="0" tests="1" name="SEBS_Portal_Credential.New_Developer_Cred" time="44.184" errors="0" timestamp="2025-06-12T16:34:22 IST" skipped="0">
  <testcase classname="SEBS_Portal_Credential.New_Developer_Cred" name="SECR_ViewProfile" time="44.184"/>
</testsuite> <!-- SEBS_Portal_Credential.New_Developer_Cred -->
