<?xml version="1.0" encoding="UTF-8"?>
<!-- Generated by org.testng.reporters.JUnitReportReporter -->
<testsuite hostname="HSPLLPTP61" failures="0" tests="1" name="HO_Portal_Credential.OutletMaster_ViewPageCred" time="20.984" errors="0" timestamp="2025-04-11T10:22:59 IST" skipped="0">
  <testcase classname="HO_Portal_Credential.OutletMaster_ViewPageCred" name="OM_View" time="20.984"/>
</testsuite> <!-- HO_Portal_Credential.OutletMaster_ViewPageCred -->
