<?xml version="1.0" encoding="UTF-8"?>
<!-- Generated by org.testng.reporters.JUnitReportReporter -->
<testsuite hostname="HSPLLPTP61" failures="0" tests="1" name="HO_Scheme_Credential.SM_scheme_Homepage" time="18.773" errors="0" timestamp="2024-12-12T10:20:32 IST" skipped="0">
  <testcase classname="HO_Scheme_Credential.SM_scheme_Homepage" name="Route_Master_Page" time="18.773"/>
</testsuite> <!-- HO_Scheme_Credential.SM_scheme_Homepage -->
