<?xml version="1.0" encoding="UTF-8"?>
<!-- Generated by org.testng.reporters.JUnitReportReporter -->
<testsuite hostname="HSPLLPTP61" failures="0" tests="1" name="Demo.Test_1" time="34.974" errors="0" timestamp="2025-05-06T10:26:24 IST" skipped="0">
  <testcase classname="Demo.Test_1" name="testOtpFlowAndRetailerInfoWithDbValidation" time="34.974"/>
</testsuite> <!-- Demo.Test_1 -->
