<?xml version="1.0" encoding="UTF-8"?>
<!-- Generated by org.testng.reporters.JUnitReportReporter -->
<testsuite hostname="HSPLLPTP61" failures="0" tests="1" name="HO_Activity_Credential.UploadMedia_ActionViewPage" time="33.645" errors="0" timestamp="2024-11-15T12:42:19 IST" skipped="0">
  <testcase classname="HO_Activity_Credential.UploadMedia_ActionViewPage" name="Upload_media" time="33.645"/>
</testsuite> <!-- HO_Activity_Credential.UploadMedia_ActionViewPage -->
