<?xml version="1.0" encoding="UTF-8"?>
<!-- Generated by org.testng.reporters.JUnitReportReporter -->
<testsuite hostname="HSPLLPTP61" failures="0" tests="1" name="SQL.upload" time="28.371" errors="0" timestamp="2025-01-15T20:20:36 IST" skipped="0">
  <testcase classname="SQL.upload" name="Order_Detailes_Reports" time="28.371"/>
</testsuite> <!-- SQL.upload -->
