<?xml version="1.0" encoding="UTF-8"?>
<!-- Generated by org.testng.reporters.JUnitReportReporter -->
<testsuite hostname="HSPLLPTP61" failures="0" tests="1" name="SECR_Portal_Credential.SECR_Login_cred" time="9.100" errors="0" timestamp="2025-04-15T16:48:14 IST" skipped="0">
  <testcase classname="SECR_Portal_Credential.SECR_Login_cred" name="SECR_Login" time="9.100"/>
</testsuite> <!-- SECR_Portal_Credential.SECR_Login_cred -->
