<?xml version="1.0" encoding="UTF-8"?>
<!-- Generated by org.testng.reporters.JUnitReportReporter -->
<testsuite hostname="HSPLLPTP61" failures="0" tests="1" name="HO_Activity_Credential.ActivityUpload" time="275.712" errors="0" timestamp="2024-11-14T11:30:42 IST" skipped="0">
  <testcase classname="HO_Activity_Credential.ActivityUpload" name="Target_Upload" time="275.712"/>
</testsuite> <!-- HO_Activity_Credential.ActivityUpload -->
