<?xml version="1.0" encoding="UTF-8"?>
<!-- Generated by org.testng.reporters.JUnitReportReporter -->
<testsuite hostname="HSPLLPTP61" failures="0" tests="1" name="SEBS_Portal_Credential.New_Site_Cred" time="56.567" errors="0" timestamp="2025-06-12T17:11:24 IST" skipped="0">
  <testcase classname="SEBS_Portal_Credential.New_Site_Cred" name="SEBS_New_Site_Cred" time="56.567"/>
</testsuite> <!-- SEBS_Portal_Credential.New_Site_Cred -->
