<?xml version="1.0" encoding="UTF-8"?>
<!-- Generated by org.testng.reporters.JUnitReportReporter -->
<testsuite hostname="HSPLLPTP61" failures="0" tests="1" name="HO_Portal_Credential.HO_Distributor_Approval_View_Test" time="31.978" errors="0" timestamp="2025-05-06T15:03:44 IST" skipped="0">
  <testcase classname="HO_Portal_Credential.HO_Distributor_Approval_View_Test" name="DistM_DistributorApprov_View" time="31.978"/>
</testsuite> <!-- HO_Portal_Credential.HO_Distributor_Approval_View_Test -->
