<?xml version="1.0" encoding="UTF-8"?>
<!-- Generated by org.testng.reporters.JUnitReportReporter -->
<testsuite hostname="HSPLLPTP61" failures="0" tests="1" name="SECR_Portal_Credential.New_Distributor_Cred" time="69.772" errors="0" timestamp="2025-06-12T16:02:16 IST" skipped="0">
  <testcase classname="SECR_Portal_Credential.New_Distributor_Cred" name="testOtpFlowAndRetailerInfo" time="69.772"/>
</testsuite> <!-- SECR_Portal_Credential.New_Distributor_Cred -->
