<?xml version="1.0" encoding="UTF-8"?>
<!-- Generated by org.testng.reporters.JUnitReportReporter -->
<testsuite hostname="HSPLLPTP61" failures="0" tests="1" name="SEBS_Portal_Credential.New_Activity_PJP_Cred" time="33.638" errors="0" timestamp="2025-04-28T16:17:10 IST" skipped="0">
  <testcase classname="SEBS_Portal_Credential.New_Activity_PJP_Cred" name="SECR_ViewProfile" time="33.638"/>
</testsuite> <!-- SEBS_Portal_Credential.New_Activity_PJP_Cred -->
