<?xml version="1.0" encoding="UTF-8"?>
<!-- Generated by org.testng.reporters.JUnitReportReporter -->
<testsuite hostname="HSPLLPTP61" failures="0" tests="1" name="HO_LoginPage.Login_Credential" time="44.135" errors="0" timestamp="2025-01-02T10:19:05 IST" skipped="0">
  <testcase classname="HO_LoginPage.Login_Credential" name="testloginpage" time="44.135"/>
</testsuite> <!-- HO_LoginPage.Login_Credential -->
