<?xml version="1.0" encoding="UTF-8"?>
<!-- Generated by org.testng.reporters.JUnitReportReporter -->
<testsuite hostname="HSPLLPTP61" failures="0" tests="1" name="SECR_Portal_Credential.PJP_Cred" time="15.695" errors="0" timestamp="2025-04-16T11:29:20 IST" skipped="0">
  <testcase classname="SECR_Portal_Credential.PJP_Cred" name="PJP_Setting" time="15.695"/>
</testsuite> <!-- SECR_Portal_Credential.PJP_Cred -->
