<?xml version="1.0" encoding="UTF-8"?>
<!-- Generated by org.testng.reporters.JUnitReportReporter -->
<testsuite hostname="HSPLLPTP61" failures="0" tests="2" name="HO_Master_Credential.FSG_FSGMaster_AddPage" time="86.103" errors="0" timestamp="2025-01-15T20:23:04 IST" skipped="0">
  <testcase classname="HO_Master_Credential.FSG_FSGMaster_AddPage" name="FSG_MasterHomepage" time="44.932"/>
  <testcase classname="HO_Master_Credential.FSG_FSGMaster_AddPage" name="FSG_BuildingChannel" time="41.171"/>
</testsuite> <!-- HO_Master_Credential.FSG_FSGMaster_AddPage -->
