<?xml version="1.0" encoding="UTF-8"?>
<!-- Generated by org.testng.reporters.JUnitReportReporter -->
<testsuite hostname="HSPLLPTP61" failures="0" tests="1" name="Demo.Rohit_otp" time="28.423" errors="0" timestamp="2025-04-15T11:59:47 IST" skipped="0">
  <testcase classname="Demo.Rohit_otp" name="testOtpFlowAndRetailerInfo" time="28.423"/>
</testsuite> <!-- Demo.Rohit_otp -->
