<?xml version="1.0" encoding="UTF-8"?>
<!-- Generated by org.testng.reporters.JUnitReportReporter -->
<testsuite hostname="HSPLLPTP61" failures="0" tests="1" name="SEBS_Portal_Credential.SEBS_View_Profile_Cred" time="13.962" errors="0" timestamp="2025-04-22T12:02:10 IST" skipped="0">
  <testcase classname="SEBS_Portal_Credential.SEBS_View_Profile_Cred" name="SECR_ViewProfile" time="13.962"/>
</testsuite> <!-- SEBS_Portal_Credential.SEBS_View_Profile_Cred -->
