<?xml version="1.0" encoding="UTF-8"?>
<!-- Generated by org.testng.reporters.JUnitReportReporter -->
<testsuite hostname="HSPLLPTP61" failures="0" tests="1" name="SEBS_Portal_Credential.New_Site_Cred" time="30.862" errors="0" timestamp="2025-04-24T17:16:44 IST" skipped="0">
  <testcase classname="SEBS_Portal_Credential.New_Site_Cred" name="SECR_ViewProfile" time="30.862"/>
</testsuite> <!-- SEBS_Portal_Credential.New_Site_Cred -->
