<?xml version="1.0" encoding="UTF-8"?>
<!-- Generated by org.testng.reporters.JUnitReportReporter -->
<testsuite hostname="HSPLLPTP61" failures="0" tests="1" name="SECR_Portal_Credential.SECR_Leave_Approval_Test" time="9.834" errors="0" timestamp="2025-06-12T16:02:16 IST" skipped="0">
  <testcase classname="SECR_Portal_Credential.SECR_Leave_Approval_Test" name="Leave_Approval" time="9.834"/>
</testsuite> <!-- SECR_Portal_Credential.SECR_Leave_Approval_Test -->
