<?xml version="1.0" encoding="UTF-8"?>
<!-- Generated by org.testng.reporters.JUnitReportReporter -->
<testsuite hostname="HSPLLPTP61" failures="0" tests="1" name="HO_Activity_Credential.NotificationSetting" time="23.713" errors="0" timestamp="2024-11-14T11:47:47 IST" skipped="0">
  <testcase classname="HO_Activity_Credential.NotificationSetting" name="Notification_setting" time="23.713"/>
</testsuite> <!-- HO_Activity_Credential.NotificationSetting -->
