<?xml version="1.0" encoding="UTF-8"?>
<!-- Generated by org.testng.reporters.JUnitReportReporter -->
<testsuite hostname="HSPLLPTP61" failures="0" tests="1" name="HO_Master_Credential.DistM_SFAViewPage" time="32.985" errors="0" timestamp="2024-12-13T14:44:17 IST" skipped="0">
  <testcase classname="HO_Master_Credential.DistM_SFAViewPage" name="Upload_media" time="32.985"/>
</testsuite> <!-- HO_Master_Credential.DistM_SFAViewPage -->
