<?xml version="1.0" encoding="UTF-8"?>
<!-- Generated by org.testng.reporters.JUnitReportReporter -->
<testsuite hostname="HSPLLPTP61" failures="0" tests="1" name="SECR_Portal_Credential.Mark_Attendence_Cred" time="14.983" errors="0" timestamp="2025-04-16T11:03:42 IST" skipped="0">
  <testcase classname="SECR_Portal_Credential.Mark_Attendence_Cred" name="FSG_AttendenceMark" time="14.983"/>
</testsuite> <!-- SECR_Portal_Credential.Mark_Attendence_Cred -->
