<?xml version="1.0" encoding="UTF-8"?>
<!-- Generated by org.testng.reporters.JUnitReportReporter -->
<testsuite hostname="HSPLLPTP61" failures="0" tests="1" name="SEBS_Portal_Credential.SEBS_New_Contractors_Test" time="82.471" errors="0" timestamp="2025-06-12T18:04:07 IST" skipped="0">
  <testcase classname="SEBS_Portal_Credential.SEBS_New_Contractors_Test" name="New_Contractors" time="82.471"/>
</testsuite> <!-- SEBS_Portal_Credential.SEBS_New_Contractors_Test -->
