<?xml version="1.0" encoding="UTF-8"?>
<!-- Generated by org.testng.reporters.JUnitReportReporter -->
<testsuite hostname="HSPLLPTP61" failures="0" tests="1" name="HO_Activity_Credential.TargetUpload" time="38.392" errors="0" timestamp="2024-10-17T11:48:45 IST" skipped="0">
  <testcase classname="HO_Activity_Credential.TargetUpload" name="Target_Upload" time="38.392"/>
</testsuite> <!-- HO_Activity_Credential.TargetUpload -->
