<?xml version="1.0" encoding="UTF-8"?>
<!-- Generated by org.testng.reporters.JUnitReportReporter -->
<testsuite hostname="HSPLLPTP61" failures="0" tests="1" name="Demo.Mail" time="1.290" errors="0" timestamp="2025-03-28T11:51:57 IST" skipped="0">
  <testcase classname="Demo.Mail" name="Send_Email_Method" time="1.290"/>
</testsuite> <!-- Demo.Mail -->
