<?xml version="1.0" encoding="UTF-8"?>
<!-- Generated by org.testng.reporters.JUnitReportReporter -->
<testsuite hostname="HSPLLPTP61" failures="0" tests="1" name="FSG_Portal_Credential.New_Retailer_cred_OTP" time="34.992" errors="0" timestamp="2025-04-23T17:04:55 IST" skipped="0">
  <testcase classname="FSG_Portal_Credential.New_Retailer_cred_OTP" name="testOtpFlowAndRetailerInfo" time="34.992"/>
</testsuite> <!-- FSG_Portal_Credential.New_Retailer_cred_OTP -->
