<?xml version="1.0" encoding="UTF-8"?>
<!-- Generated by org.testng.reporters.JUnitReportReporter -->
<testsuite hostname="HSPLLPTP61" failures="0" tests="1" name="SECR_Portal_Credential.SECR_LogOut_Cred" time="11.372" errors="0" timestamp="2025-04-18T11:20:16 IST" skipped="0">
  <testcase classname="SECR_Portal_Credential.SECR_LogOut_Cred" name="Logout" time="11.372"/>
</testsuite> <!-- SECR_Portal_Credential.SECR_LogOut_Cred -->
