<?xml version="1.0" encoding="UTF-8"?>
<!-- Generated by org.testng.reporters.JUnitReportReporter -->
<testsuite hostname="HSPLLPTP61" failures="0" tests="1" name="SECR_Portal.Activity_PJP_New_Retailer" time="49.062" errors="0" timestamp="2025-04-17T17:26:12 IST" skipped="0">
  <testcase classname="SECR_Portal.Activity_PJP_New_Retailer" name="testOtpFlowAndRetailerInfo" time="49.062"/>
</testsuite> <!-- SECR_Portal.Activity_PJP_New_Retailer -->
