<?xml version="1.0" encoding="UTF-8"?>
<!-- Generated by org.testng.reporters.JUnitReportReporter -->
<testsuite hostname="HSPLLPTP61" failures="0" tests="1" name="SEBS_Portal_Credential.New_Activity_PJPSite_Cred" time="38.704" errors="0" timestamp="2025-06-12T10:52:06 IST" skipped="0">
  <testcase classname="SEBS_Portal_Credential.New_Activity_PJPSite_Cred" name="SEBS_New_Activity_PJP_Cred" time="38.704"/>
</testsuite> <!-- SEBS_Portal_Credential.New_Activity_PJPSite_Cred -->
