<?xml version="1.0" encoding="UTF-8"?>
<!-- Generated by org.testng.reporters.JUnitReportReporter -->
<testsuite hostname="HSPLLPTP61" failures="0" tests="1" name="HO_Master_Credential.DistM_DistributorMasterViewPage" time="27.698" errors="0" timestamp="2024-12-17T11:20:56 IST" skipped="0">
  <testcase classname="HO_Master_Credential.DistM_DistributorMasterViewPage" name="Upload_media" time="27.698"/>
</testsuite> <!-- HO_Master_Credential.DistM_DistributorMasterViewPage -->
