<?xml version="1.0" encoding="UTF-8"?>
<!-- Generated by org.testng.reporters.JUnitReportReporter -->
<testsuite hostname="HSPLLPTP134" failures="0" tests="1" name="FSG_Portal_Credential.FSG_View_Profile_Test" time="13.775" errors="0" timestamp="2025-05-20T16:02:27 IST" skipped="0">
  <testcase classname="FSG_Portal_Credential.FSG_View_Profile_Test" name="FSG_View_Profile" time="13.775"/>
</testsuite> <!-- FSG_Portal_Credential.FSG_View_Profile_Test -->
