<?xml version="1.0" encoding="UTF-8"?>
<!-- Generated by org.testng.reporters.JUnitReportReporter -->
<testsuite hostname="HSPLLPTP61" failures="0" tests="1" name="HO_Master_Credential.FSG_MasterViewPage" time="24.000" errors="0" timestamp="2024-11-21T10:29:40 IST" skipped="0">
  <testcase classname="HO_Master_Credential.FSG_MasterViewPage" name="FSG_MasterHomepage" time="24.000"/>
</testsuite> <!-- HO_Master_Credential.FSG_MasterViewPage -->
