<?xml version="1.0" encoding="UTF-8"?>
<!-- Generated by org.testng.reporters.JUnitReportReporter -->
<testsuite hostname="HSPLLPTP61" failures="0" tests="3" name="Demo.HO_GeographicalReport" time="80.646" errors="0" timestamp="2025-01-16T11:58:06 IST" skipped="0">
  <testcase classname="Demo.HO_GeographicalReport" name="Inventory_FlashBy_Product_Report" time="42.656"/>
  <testcase classname="Demo.HO_GeographicalReport" name="Negative_Scenario_1" time="18.248"/>
  <testcase classname="Demo.HO_GeographicalReport" name="Negative_Scenario_2" time="19.742"/>
</testsuite> <!-- Demo.HO_GeographicalReport -->
