<?xml version="1.0" encoding="UTF-8"?>
<!-- Generated by org.testng.reporters.JUnitReportReporter -->
<testsuite hostname="HSPLLPTP61" failures="0" tests="1" name="SEBS_Portal_Credential.PJP_Cred" time="16.511" errors="0" timestamp="2025-04-22T11:48:00 IST" skipped="0">
  <testcase classname="SEBS_Portal_Credential.PJP_Cred" name="PJP_Setting" time="16.511"/>
</testsuite> <!-- SEBS_Portal_Credential.PJP_Cred -->
