<?xml version="1.0" encoding="UTF-8"?>
<!-- Generated by org.testng.reporters.JUnitReportReporter -->
<testsuite hostname="HSPLLPTP134" failures="0" tests="1" name="DataBase_Fosroc.New_Distributor_Database_Conn" time="0.124" errors="0" timestamp="2025-05-19T15:24:54 IST" skipped="0">
  <testcase classname="DataBase_Fosroc.New_Distributor_Database_Conn" name="verifyDistributorData" time="0.124"/>
</testsuite> <!-- DataBase_Fosroc.New_Distributor_Database_Conn -->
