<?xml version="1.0" encoding="UTF-8"?>
<!-- Generated by org.testng.reporters.JUnitReportReporter -->
<testsuite hostname="HSPLLPTP61" failures="0" tests="1" name="SEBS_Portal_Credential.New_Activity_NonPJP_Cred" time="29.290" errors="0" timestamp="2025-04-28T16:26:46 IST" skipped="0">
  <testcase classname="SEBS_Portal_Credential.New_Activity_NonPJP_Cred" name="SEBS_New_Activity_PJP_Cred" time="29.290"/>
</testsuite> <!-- SEBS_Portal_Credential.New_Activity_NonPJP_Cred -->
