<?xml version="1.0" encoding="UTF-8"?>
<!-- Generated by org.testng.reporters.JUnitReportReporter -->
<testsuite hostname="HSPLLPTP61" failures="0" tests="1" name="HO_Activity_Credential.UploadMedia" time="23.290" errors="0" timestamp="2024-11-15T12:22:41 IST" skipped="0">
  <testcase classname="HO_Activity_Credential.UploadMedia" name="Upload_media" time="23.290"/>
</testsuite> <!-- HO_Activity_Credential.UploadMedia -->
