<?xml version="1.0" encoding="UTF-8"?>
<!-- Generated by org.testng.reporters.JUnitReportReporter -->
<testsuite hostname="HSPLLPTP61" failures="0" tests="1" name="HO_Portal_Credential.HO_Login_Cred" time="44.964" errors="0" timestamp="2025-04-10T16:54:48 IST" skipped="0">
  <testcase classname="HO_Portal_Credential.HO_Login_Cred" name="testloginpage" time="44.964"/>
</testsuite> <!-- HO_Portal_Credential.HO_Login_Cred -->
