<?xml version="1.0" encoding="UTF-8"?>
<!-- Generated by org.testng.reporters.JUnitReportReporter -->
<testsuite hostname="HSPLLPTP61" failures="0" tests="1" name="HO_Master_Credential.DLRM_DLRM_Dealer_Transfer" time="33.089" errors="0" timestamp="2024-12-30T12:45:54 IST" skipped="0">
  <testcase classname="HO_Master_Credential.DLRM_DLRM_Dealer_Transfer" name="Outlet_Transfer" time="33.089"/>
</testsuite> <!-- HO_Master_Credential.DLRM_DLRM_Dealer_Transfer -->
