<?xml version="1.0" encoding="UTF-8"?>
<!-- Generated by org.testng.reporters.JUnitReportReporter -->
<testsuite hostname="HSPLLPTP61" failures="0" tests="1" name="Demo.Upload_File" time="25.360" errors="0" timestamp="2025-01-16T11:32:07 IST" skipped="0">
  <testcase classname="Demo.Upload_File" name="Order_Detailes_Reports" time="25.360"/>
</testsuite> <!-- Demo.Upload_File -->
