<?xml version="1.0" encoding="UTF-8"?>
<!-- Generated by org.testng.reporters.JUnitReportReporter -->
<testsuite hostname="HSPLLPTP134" failures="0" tests="1" name="Distributor_Portal_Credential.Outlet_Approval_1st_Test" time="19.822" errors="0" timestamp="2025-05-21T16:40:28 IST" skipped="0">
  <testcase classname="Distributor_Portal_Credential.Outlet_Approval_1st_Test" name="Outlet_Test" time="19.822"/>
</testsuite> <!-- Distributor_Portal_Credential.Outlet_Approval_1st_Test -->
