<?xml version="1.0" encoding="UTF-8"?>
<!-- Generated by org.testng.reporters.JUnitReportReporter -->
<testsuite hostname="HSPLLPTP61" failures="0" tests="1" name="HO_Master_Credential.AccM_DeveloperMaster" time="18.683" errors="0" timestamp="2024-11-19T17:48:28 IST" skipped="0">
  <testcase classname="HO_Master_Credential.AccM_DeveloperMaster" name="Contractor_MasterHomepage" time="18.683"/>
</testsuite> <!-- HO_Master_Credential.AccM_DeveloperMaster -->
