<?xml version="1.0" encoding="UTF-8"?>
<!-- Generated by org.testng.reporters.JUnitReportReporter -->
<testsuite hostname="HSPLLPTP61" failures="0" tests="1" name="HO_Portal_Credential.HO_Distributor_Approval_Page_Test" time="24.211" errors="0" timestamp="2025-06-12T16:02:16 IST" skipped="0">
  <testcase classname="HO_Portal_Credential.HO_Distributor_Approval_Page_Test" name="DistM_DistributorApprov" time="24.211"/>
</testsuite> <!-- HO_Portal_Credential.HO_Distributor_Approval_Page_Test -->
