<?xml version="1.0" encoding="UTF-8"?>
<!-- Generated by org.testng.reporters.JUnitReportReporter -->
<testsuite hostname="HSPLLPTP61" failures="0" tests="1" name="FSG_Portal_Credential.Mark_Attendance_Cred" time="6.890" errors="0" timestamp="2025-05-13T13:11:55 IST" skipped="0">
  <testcase classname="FSG_Portal_Credential.Mark_Attendance_Cred" name="FSG_AttendenceMark" time="6.890"/>
</testsuite> <!-- FSG_Portal_Credential.Mark_Attendance_Cred -->
