<?xml version="1.0" encoding="UTF-8"?>
<!-- Generated by org.testng.reporters.JUnitReportReporter -->
<testsuite hostname="HSPLLPTP61" failures="0" tests="1" name="HO_Portal_Credential.OutletMaster_EditApprovalPageCred" time="58.764" errors="0" timestamp="2025-04-11T11:43:35 IST" skipped="0">
  <testcase classname="HO_Portal_Credential.OutletMaster_EditApprovalPageCred" name="OM_Edit" time="58.764"/>
</testsuite> <!-- HO_Portal_Credential.OutletMaster_EditApprovalPageCred -->
