<?xml version="1.0" encoding="UTF-8"?>
<!-- Generated by org.testng.reporters.JUnitReportReporter -->
<testsuite hostname="HSPLLPTP61" failures="0" tests="1" name="HO_LoginPage.Login_Credential" time="44.625" errors="0" timestamp="2025-02-19T11:23:03 IST" skipped="0">
  <testcase classname="HO_LoginPage.Login_Credential" name="testloginpage" time="44.625"/>
</testsuite> <!-- HO_LoginPage.Login_Credential -->
