<?xml version="1.0" encoding="UTF-8"?>
<!-- Generated by org.testng.reporters.JUnitReportReporter -->
<testsuite hostname="HSPLLPTP61" failures="0" tests="1" name="Demo.HO_FSG_Demo" time="37.261" errors="0" timestamp="2025-01-16T17:33:29 IST" skipped="0">
  <testcase classname="Demo.HO_FSG_Demo" name="RM_PJPmaster" time="37.261"/>
</testsuite> <!-- Demo.HO_FSG_Demo -->
