<?xml version="1.0" encoding="UTF-8"?>
<!-- Generated by org.testng.reporters.JUnitReportReporter -->
<testsuite hostname="HSPLLPTP61" failures="0" tests="1" name="HO_Master_Credential.PM_Strategic_Product_Settings" time="17.779" errors="0" timestamp="2025-01-07T12:45:42 IST" skipped="0">
  <testcase classname="HO_Master_Credential.PM_Strategic_Product_Settings" name="Dealer_ApprovalBTN" time="17.779"/>
</testsuite> <!-- HO_Master_Credential.PM_Strategic_Product_Settings -->
