<?xml version="1.0" encoding="UTF-8"?>
<!-- Generated by org.testng.reporters.JUnitReportReporter -->
<testsuite hostname="HSPLLPTP61" failures="0" tests="6" name="HO_Master_Credential.DistM_DistributorTransfer" time="187.165" errors="0" timestamp="2024-12-26T12:03:58 IST" skipped="0">
  <testcase classname="HO_Master_Credential.DistM_DistributorTransfer" name="Distributor_Transfer1" time="34.827"/>
  <testcase classname="HO_Master_Credential.DistM_DistributorTransfer" name="Distributor_Transfer2" time="32.987"/>
  <testcase classname="HO_Master_Credential.DistM_DistributorTransfer" name="Distributor_Transfer3" time="35.893"/>
  <testcase classname="HO_Master_Credential.DistM_DistributorTransfer" name="DT_WithoutSelectDistributor_CheckBox" time="32.726"/>
  <testcase classname="HO_Master_Credential.DistM_DistributorTransfer" name="DT_WithoutSelectToDistributor" time="28.453"/>
  <testcase classname="HO_Master_Credential.DistM_DistributorTransfer" name="DT_WithoutSelectRoute" time="22.279"/>
</testsuite> <!-- HO_Master_Credential.DistM_DistributorTransfer -->
