<?xml version="1.0" encoding="UTF-8"?>
<!-- Generated by org.testng.reporters.JUnitReportReporter -->
<testsuite hostname="HSPLLPTP61" failures="0" tests="1" name="HO_Portal_Credential.OutletMaster_ApprovalPageCred" time="24.215" errors="0" timestamp="2025-06-11T18:44:58 IST" skipped="0">
  <testcase classname="HO_Portal_Credential.OutletMaster_ApprovalPageCred" name="OM_View" time="24.215"/>
</testsuite> <!-- HO_Portal_Credential.OutletMaster_ApprovalPageCred -->
