<?xml version="1.0" encoding="UTF-8"?>
<!-- Generated by org.testng.reporters.JUnitReportReporter -->
<testsuite hostname="HSPLLPTP134" failures="0" tests="1" name="SEBS_Portal_Credential.New_Activity_NonPJPSite_Cred" time="55.577" errors="0" timestamp="2025-06-12T14:49:25 IST" skipped="0">
  <testcase classname="SEBS_Portal_Credential.New_Activity_NonPJPSite_Cred" name="SEBS_New_Activity_PJP_Cred_01" time="55.577"/>
</testsuite> <!-- SEBS_Portal_Credential.New_Activity_NonPJPSite_Cred -->
