<?xml version="1.0" encoding="UTF-8"?>
<!-- Generated by org.testng.reporters.JUnitReportReporter -->
<testsuite hostname="HSPLLPTP61" failures="0" tests="3" name="HO_Reports_Credential.OR_Active_Cluster_Report" time="102.854" errors="0" timestamp="2025-01-10T17:19:07 IST" skipped="0">
  <testcase classname="HO_Reports_Credential.OR_Active_Cluster_Report" name="Order_Detailes_Reports" time="41.109"/>
  <testcase classname="HO_Reports_Credential.OR_Active_Cluster_Report" name="Negative_Scenario1" time="31.270"/>
  <testcase classname="HO_Reports_Credential.OR_Active_Cluster_Report" name="Negative_Scenario2" time="30.475"/>
</testsuite> <!-- HO_Reports_Credential.OR_Active_Cluster_Report -->
