<?xml version="1.0" encoding="UTF-8"?>
<!-- Generated by org.testng.reporters.JUnitReportReporter -->
<testsuite hostname="HSPLLPTP61" failures="0" tests="1" name="ASM_Portal_Test.ASM_Approval_Test" time="22.740" errors="0" timestamp="2025-05-13T13:04:15 IST" skipped="0">
  <testcase classname="ASM_Portal_Test.ASM_Approval_Test" name="Approval_Page" time="22.740"/>
</testsuite> <!-- ASM_Portal_Test.ASM_Approval_Test -->
