<?xml version="1.0" encoding="UTF-8"?>
<!-- Generated by org.testng.reporters.JUnitReportReporter -->
<testsuite hostname="HSPLLPTP134" failures="0" tests="1" name="SECR_Portal_Credential.SECR_New_Retailer_Status_Cred" time="72.345" errors="0" timestamp="2025-06-12T17:33:24 IST" skipped="0">
  <testcase classname="SECR_Portal_Credential.SECR_New_Retailer_Status_Cred" name="testOtpFlowAndRetailerInfo" time="72.345"/>
</testsuite> <!-- SECR_Portal_Credential.SECR_New_Retailer_Status_Cred -->
