<?xml version="1.0" encoding="UTF-8"?>
<!-- Generated by org.testng.reporters.JUnitReportReporter -->
<testsuite hostname="HSPLLPTP61" failures="0" tests="1" name="FSG_Portal_Credential.New_Retailer_cred_OTP" time="10.260" errors="0" timestamp="2025-06-12T16:02:16 IST" skipped="0">
  <testcase classname="FSG_Portal_Credential.New_Retailer_cred_OTP" name="testOtpFlowAndRetailerInfo" time="10.260"/>
</testsuite> <!-- FSG_Portal_Credential.New_Retailer_cred_OTP -->
