<?xml version="1.0" encoding="UTF-8"?>
<!-- Generated by org.testng.reporters.JUnitReportReporter -->
<testsuite hostname="HSPLLPTP134" failures="0" tests="1" name="HO_Activity_Credential.ActivityUpload" time="125.740" errors="0" timestamp="2025-06-13T14:57:44 IST" skipped="0">
  <testcase classname="HO_Activity_Credential.ActivityUpload" name="Target_Upload" time="125.740"/>
</testsuite> <!-- HO_Activity_Credential.ActivityUpload -->
