<?xml version="1.0" encoding="UTF-8"?>
<!-- Generated by org.testng.reporters.JUnitReportReporter -->
<testsuite hostname="HSPLLPTP61" failures="0" tests="1" name="HO_Master_Credential.DistM_DistributorApprove1" time="19.987" errors="0" timestamp="2024-11-18T10:12:33 IST" skipped="0">
  <testcase classname="HO_Master_Credential.DistM_DistributorApprove1" name="Upload_media" time="19.987"/>
</testsuite> <!-- HO_Master_Credential.DistM_DistributorApprove1 -->
