<?xml version="1.0" encoding="UTF-8"?>
<!-- Generated by org.testng.reporters.JUnitReportReporter -->
<testsuite hostname="HSPLLPTP61" failures="0" tests="1" name="SECR_Portal_Credential.SECR_Notification_Cred" time="9.767" errors="0" timestamp="2025-04-18T12:33:20 IST" skipped="0">
  <testcase classname="SECR_Portal_Credential.SECR_Notification_Cred" name="Logout" time="9.767"/>
</testsuite> <!-- SECR_Portal_Credential.SECR_Notification_Cred -->
