<?xml version="1.0" encoding="UTF-8"?>
<!-- Generated by org.testng.reporters.JUnitReportReporter -->
<testsuite hostname="HSPLLPTP61" failures="0" tests="1" name="DataBase_Fosroc.New_Distributor_Database_Conn" time="0.145" errors="0" timestamp="2025-05-14T16:14:00 IST" skipped="0">
  <testcase classname="DataBase_Fosroc.New_Distributor_Database_Conn" name="verifyDistributorData" time="0.145"/>
</testsuite> <!-- DataBase_Fosroc.New_Distributor_Database_Conn -->
