<?xml version="1.0" encoding="UTF-8"?>
<!-- Generated by org.testng.reporters.JUnitReportReporter -->
<testsuite hostname="HSPLLPTP134" failures="0" tests="1" name="Distributor_Portal_Credential.PO_Creation_Test" time="32.306" errors="0" timestamp="2025-05-22T11:43:57 IST" skipped="0">
  <testcase classname="Distributor_Portal_Credential.PO_Creation_Test" name="PO_Creation" time="32.306"/>
</testsuite> <!-- Distributor_Portal_Credential.PO_Creation_Test -->
