<?xml version="1.0" encoding="UTF-8"?>
<!-- Generated by org.testng.reporters.JUnitReportReporter -->
<testsuite hostname="HSPLLPTP61" failures="0" tests="1" name="HO_Master_Credential.RM_RM_Route_Master_Page" time="53.162" errors="0" timestamp="2024-12-13T17:05:40 IST" skipped="0">
  <testcase classname="HO_Master_Credential.RM_RM_Route_Master_Page" name="Route_Master_Page" time="53.162"/>
</testsuite> <!-- HO_Master_Credential.RM_RM_Route_Master_Page -->
