<?xml version="1.0" encoding="UTF-8"?>
<!-- Generated by org.testng.reporters.JUnitReportReporter -->
<testsuite hostname="HSPLLPTP61" failures="0" tests="1" name="SFA_Portal_Credential.Dist_Approval1st_ApprPage_Cred" time="15.790" errors="0" timestamp="2025-05-13T13:04:15 IST" skipped="0">
  <testcase classname="SFA_Portal_Credential.Dist_Approval1st_ApprPage_Cred" name="Dist_ApprovePage" time="15.790"/>
</testsuite> <!-- SFA_Portal_Credential.Dist_Approval1st_ApprPage_Cred -->
