<?xml version="1.0" encoding="UTF-8"?>
<!-- Generated by org.testng.reporters.JUnitReportReporter -->
<testsuite hostname="HSPLLPTP61" failures="0" tests="1" name="DataBase_Fosroc.New_Distributor_Database_Conn" time="0.095" errors="0" timestamp="2025-06-09T15:25:25 IST" skipped="0">
  <testcase classname="DataBase_Fosroc.New_Distributor_Database_Conn" name="verifyDistributorData" time="0.095"/>
</testsuite> <!-- DataBase_Fosroc.New_Distributor_Database_Conn -->
