<?xml version="1.0" encoding="UTF-8"?>
<!-- Generated by org.testng.reporters.JUnitReportReporter -->
<testsuite hostname="HSPLLPTP61" failures="0" tests="1" name="SEBS_Portal_Credential.SEBS_Login_Cred" time="42.672" errors="0" timestamp="2025-04-22T11:04:01 IST" skipped="0">
  <testcase classname="SEBS_Portal_Credential.SEBS_Login_Cred" name="SEBS_Login" time="42.672"/>
</testsuite> <!-- SEBS_Portal_Credential.SEBS_Login_Cred -->
