<?xml version="1.0" encoding="UTF-8"?>
<!-- Generated by org.testng.reporters.JUnitReportReporter -->
<testsuite hostname="HSPLLPTP61" failures="0" tests="1" name="SQL.dist" time="0.082" errors="0" timestamp="2025-05-06T16:48:04 IST" skipped="0">
  <testcase classname="SQL.dist" name="verifyDistributorData" time="0.082"/>
</testsuite> <!-- SQL.dist -->
