<?xml version="1.0" encoding="UTF-8"?>
<!-- Generated by org.testng.reporters.JUnitReportReporter -->
<testsuite hostname="HSPLLPTP61" failures="0" tests="1" name="FSG_Portal_Credential.Market_PJP_New_Retailer_Creation" time="40.235" errors="0" timestamp="2025-06-12T10:45:23 IST" skipped="0">
  <testcase classname="FSG_Portal_Credential.Market_PJP_New_Retailer_Creation" name="testOtpFlowAndRetailerInfo" time="40.235"/>
</testsuite> <!-- FSG_Portal_Credential.Market_PJP_New_Retailer_Creation -->
