<?xml version="1.0" encoding="UTF-8"?>
<!-- Generated by org.testng.reporters.JUnitReportReporter -->
<testsuite hostname="HSPLLPTP61" failures="0" tests="1" name="HO_Master_Credential.DistM_EditSFADistributor" time="28.357" errors="0" timestamp="2024-12-17T10:31:05 IST" skipped="0">
  <testcase classname="HO_Master_Credential.DistM_EditSFADistributor" name="Upload_media" time="28.357"/>
</testsuite> <!-- HO_Master_Credential.DistM_EditSFADistributor -->
