<?xml version="1.0" encoding="UTF-8"?>
<!-- Generated by org.testng.reporters.JUnitReportReporter -->
<testsuite hostname="HSPLLPTP134" failures="0" tests="1" name="Distributor_Portal_Credential.Distributor_Approval1st_View_Test" time="6.202" errors="0" timestamp="2025-05-21T10:58:50 IST" skipped="0">
  <testcase classname="Distributor_Portal_Credential.Distributor_Approval1st_View_Test" name="DB_View" time="6.202"/>
</testsuite> <!-- Distributor_Portal_Credential.Distributor_Approval1st_View_Test -->
