<?xml version="1.0" encoding="UTF-8"?>
<!-- Generated by org.testng.reporters.JUnitReportReporter -->
<testsuite hostname="HSPLLPTP61" failures="0" tests="1" name="SECR_Portal_Credential.Activity_PJP_New_Retailer_Cred" time="68.481" errors="0" timestamp="2025-06-12T18:32:26 IST" skipped="0">
  <testcase classname="SECR_Portal_Credential.Activity_PJP_New_Retailer_Cred" name="testOtpFlowAndRetailerInfo" time="68.481"/>
</testsuite> <!-- SECR_Portal_Credential.Activity_PJP_New_Retailer_Cred -->
