<?xml version="1.0" encoding="UTF-8"?>
<!-- Generated by org.testng.reporters.JUnitReportReporter -->
<testsuite hostname="HSPLLPTP61" failures="0" tests="1" name="HO_Portal_Credential.OutletMaster_ApprovalPageCred" time="21.809" errors="0" timestamp="2025-06-12T16:02:16 IST" skipped="0">
  <testcase classname="HO_Portal_Credential.OutletMaster_ApprovalPageCred" name="OM_View" time="21.809"/>
</testsuite> <!-- HO_Portal_Credential.OutletMaster_ApprovalPageCred -->
