<?xml version="1.0" encoding="UTF-8"?>
<!-- Generated by org.testng.reporters.JUnitReportReporter -->
<testsuite hostname="HSPLLPTP61" failures="0" tests="1" name="HO_Scheme_Credential.SM_Scheme_AddPage" time="64.246" errors="0" timestamp="2024-12-19T11:25:34 IST" skipped="0">
  <testcase classname="HO_Scheme_Credential.SM_Scheme_AddPage" name="Scheme_Master_Enter_MandetoryField" time="64.246"/>
</testsuite> <!-- HO_Scheme_Credential.SM_Scheme_AddPage -->
