<?xml version="1.0" encoding="UTF-8"?>
<!-- Generated by org.testng.reporters.JUnitReportReporter -->
<testsuite hostname="HSPLLPTP61" failures="0" tests="1" name="HO_Master_Credential.PM_PM_HSN_Master" time="19.157" errors="0" timestamp="2025-02-19T11:23:03 IST" skipped="0">
  <testcase classname="HO_Master_Credential.PM_PM_HSN_Master" name="PM_HSN_MASTER" time="19.157"/>
</testsuite> <!-- HO_Master_Credential.PM_PM_HSN_Master -->
