<?xml version="1.0" encoding="UTF-8"?>
<!-- Generated by org.testng.reporters.JUnitReportReporter -->
<testsuite hostname="HSPLLPTP61" failures="0" tests="1" name="FSG_Portal_Credential.Login_Credential" time="7.762" errors="0" timestamp="2025-04-10T12:13:15 IST" skipped="0">
  <testcase classname="FSG_Portal_Credential.Login_Credential" name="testloginpage" time="7.762"/>
</testsuite> <!-- FSG_Portal_Credential.Login_Credential -->
