<?xml version="1.0" encoding="UTF-8"?>
<!-- Generated by org.testng.reporters.JUnitReportReporter -->
<testsuite hostname="HSPLLPTP61" failures="0" tests="3" name="HO_Master_Credential.DistM_ADD_SFADistributor" time="215.134" errors="0" timestamp="2024-12-24T09:59:26 IST" skipped="0">
  <testcase classname="HO_Master_Credential.DistM_ADD_SFADistributor" name="Add_SFA" time="73.918"/>
  <testcase classname="HO_Master_Credential.DistM_ADD_SFADistributor" name="Add_SFA_ClusterChange1" time="69.434"/>
  <testcase classname="HO_Master_Credential.DistM_ADD_SFADistributor" name="Add_SFA_ClusterChange2" time="71.782"/>
</testsuite> <!-- HO_Master_Credential.DistM_ADD_SFADistributor -->
