<?xml version="1.0" encoding="UTF-8"?>
<!-- Generated by org.testng.reporters.JUnitReportReporter -->
<testsuite hostname="HSPLLPTP61" failures="0" tests="1" name="SEBS_Portal_Credential.New_Distributor_Appointment" time="50.309" errors="0" timestamp="2025-04-29T10:43:27 IST" skipped="0">
  <testcase classname="SEBS_Portal_Credential.New_Distributor_Appointment" name="testOtpFlowAndRetailerInfo" time="50.309"/>
</testsuite> <!-- SEBS_Portal_Credential.New_Distributor_Appointment -->
