<?xml version="1.0" encoding="UTF-8"?>
<!-- Generated by org.testng.reporters.JUnitReportReporter -->
<testsuite hostname="HSPLLPTP61" failures="0" tests="1" name="HO_Master_Credential.DistM_DistributorApprovl" time="26.525" errors="0" timestamp="2024-11-18T17:43:47 IST" skipped="0">
  <testcase classname="HO_Master_Credential.DistM_DistributorApprovl" name="Upload_media" time="26.525"/>
</testsuite> <!-- HO_Master_Credential.DistM_DistributorApprovl -->
