<?xml version="1.0" encoding="UTF-8"?>
<!-- Generated by org.testng.reporters.JUnitReportReporter -->
<testsuite hostname="HSPLLPTP61" failures="0" tests="1" name="SECR_Web_Portal_Credential.OM_Outlet_Approval2nd_cred" time="83.379" errors="0" timestamp="2025-06-12T16:02:16 IST" skipped="0">
  <testcase classname="SECR_Web_Portal_Credential.OM_Outlet_Approval2nd_cred" name="Leave_Approval" time="83.379"/>
</testsuite> <!-- SECR_Web_Portal_Credential.OM_Outlet_Approval2nd_cred -->
